#
# A fatal error has been detected by the Java Runtime Environment:
#
#  EXCEPTION_ACCESS_VIOLATION (0xc0000005) at pc=0x0000000051938d85, pid=9452, tid=13480
#
# JRE version: Java(TM) SE Runtime Environment (8.0_77-b03) (build 1.8.0_77-b03)
# Java VM: Java HotSpot(TM) 64-Bit Server VM (25.77-b03 mixed mode windows-amd64 compressed oops)
# Problematic frame:
# V  [jvm.dll+0x128d85]
#
# Failed to write core dump. Minidumps are not enabled by default on client versions of Windows
#
# If you would like to submit a bug report, please visit:
#   http://bugreport.java.com/bugreport/crash.jsp
#

---------------  T H R E A D  ---------------

Current thread (0x0000000018982800):  JavaThread "JDWP Transport Listener: dt_socket" daemon [_thread_in_vm, id=13480, stack(0x0000000019740000,0x0000000019840000)]

siginfo: ExceptionCode=0xc0000005, reading address 0x00003b726f746100

Registers:
RAX=0x000000001983f201, RBX=0x0000000018982800, RCX=0x00003b726f746100, RDX=0x0000000000000000
RSP=0x000000001983f1c0, RBP=0x00003b726f746100, RSI=0x000000001983f2d8, RDI=0x0000000001dc9710
R8 =0x0000000018982800, R9 =0x000000000000ff00, R10=0x0000000000000000, R11=0x001e3c70000a0005
R12=0x0000000000000000, R13=0x0000000018983748, R14=0x0000000000000000, R15=0x0000000000000000
RIP=0x0000000051938d85, EFLAGS=0x0000000000010206

Top of Stack: (sp=0x000000001983f1c0)
0x000000001983f1c0:   0000000018982800 0000000018982800
0x000000001983f1d0:   000000001983f288 0000000051b3e33b
0x000000001983f1e0:   0000000018982800 0000000051b5ab9d
0x000000001983f1f0:   0000000000000000 0000000061e99155
0x000000001983f200:   0000000022c368a8 0000000061ea291e
0x000000001983f210:   0000000018982800 0000000000000000
0x000000001983f220:   0000000000000000 0000000000000000
0x000000001983f230:   00003b726f746100 0000000061ea1a15
0x000000001983f240:   000000001983f2d8 000000001983f2b0
0x000000001983f250:   0000000000000001 0000000022c368a8
0x000000001983f260:   00003b726f746100 0000000061e853b3
0x000000001983f270:   000000001983f3a0 0000000000000001
0x000000001983f280:   0000000000000001 0000000022c368a8
0x000000001983f290:   0000000000000001 0000000000000000
0x000000001983f2a0:   0000000000000000 0000000000000000
0x000000001983f2b0:   0000000000000001 0000000061e85571 

Instructions: (pc=0x0000000051938d85)
0x0000000051938d65:   cc cc cc cc cc cc cc cc cc cc cc 48 83 ec 28 48
0x0000000051938d75:   85 c9 75 07 33 c0 48 83 c4 28 c3 48 89 5c 24 20
0x0000000051938d85:   48 8b 19 48 85 db 74 20 48 83 fb 37 74 1a 48 8b
0x0000000051938d95:   13 48 8b cb ff 52 10 84 c0 74 0d 48 8b c3 48 8b 


Register to memory mapping:

RAX=0x000000001983f201 is pointing into the stack for thread: 0x0000000018982800
RBX=0x0000000018982800 is a thread
RCX=0x00003b726f746100 is an unknown value
RDX=0x0000000000000000 is an unknown value
RSP=0x000000001983f1c0 is pointing into the stack for thread: 0x0000000018982800
RBP=0x00003b726f746100 is an unknown value
RSI=0x000000001983f2d8 is pointing into the stack for thread: 0x0000000018982800
RDI=0x0000000001dc9710 is an unknown value
R8 =0x0000000018982800 is a thread
R9 =0x000000000000ff00 is an unknown value
R10=0x0000000000000000 is an unknown value
R11=0x001e3c70000a0005 is an unknown value
R12=0x0000000000000000 is an unknown value
R13=0x0000000018983748 is an unknown value
R14=0x0000000000000000 is an unknown value
R15=0x0000000000000000 is an unknown value


Stack: [0x0000000019740000,0x0000000019840000],  sp=0x000000001983f1c0,  free space=1020k
Native frames: (J=compiled Java code, j=interpreted, Vv=VM code, C=native code)
V  [jvm.dll+0x128d85]
V  [jvm.dll+0x34ab9d]
C  [jdwp.dll+0x21a15]
C  [jdwp.dll+0x53b3]
C  [jdwp.dll+0x5571]
C  [jdwp.dll+0xf0a8]
C  [jdwp.dll+0x1f2d5]
C  [jdwp.dll+0x1f4aa]
V  [jvm.dll+0x1bba58]
V  [jvm.dll+0x243434]
V  [jvm.dll+0x29a27a]
C  [msvcr100.dll+0x21d9f]
C  [msvcr100.dll+0x21e3b]
C  [kernel32.dll+0x159cd]
C  [ntdll.dll+0x2a561]


---------------  P R O C E S S  ---------------

Java Threads: ( => current thread )
  0x000000001b6c7000 JavaThread "Druid-ConnectionPool-Destroy-94298481" daemon [_thread_blocked, id=18548, stack(0x0000000028480000,0x0000000028580000)]
  0x000000001b6c6800 JavaThread "Druid-ConnectionPool-Create-94298481" daemon [_thread_blocked, id=13608, stack(0x00000000282b0000,0x00000000283b0000)]
  0x000000001b6c5800 JavaThread "Abandoned connection cleanup thread" daemon [_thread_blocked, id=13612, stack(0x0000000028070000,0x0000000028170000)]
  0x000000001cab3800 JavaThread "http-bio-8081-exec-1" daemon [_thread_blocked, id=13616, stack(0x0000000027d10000,0x0000000027e10000)]
  0x000000002616c800 JavaThread "http-bio-8081-AsyncTimeout" daemon [_thread_blocked, id=23856, stack(0x000000001c000000,0x000000001c100000)]
  0x0000000024fe2800 JavaThread "http-bio-8081-Acceptor-0" daemon [_thread_in_native, id=9744, stack(0x00000000286e0000,0x00000000287e0000)]
  0x0000000024fe1800 JavaThread "ContainerBackgroundProcessor[StandardEngine[Tomcat]]" daemon [_thread_blocked, id=6688, stack(0x0000000019850000,0x0000000019950000)]
  0x000000001c5d0800 JavaThread "Thread-2" daemon [_thread_in_native, id=11724, stack(0x00000000211b0000,0x00000000212b0000)]
  0x0000000018a11800 JavaThread "Service Thread" daemon [_thread_blocked, id=11772, stack(0x0000000019f10000,0x000000001a010000)]
  0x00000000189a9000 JavaThread "C1 CompilerThread2" daemon [_thread_blocked, id=13512, stack(0x0000000019e00000,0x0000000019f00000)]
  0x00000000189a6000 JavaThread "C2 CompilerThread1" daemon [_thread_blocked, id=13504, stack(0x00000000194b0000,0x00000000195b0000)]
  0x00000000189a4000 JavaThread "C2 CompilerThread0" daemon [_thread_blocked, id=13492, stack(0x0000000019c30000,0x0000000019d30000)]
  0x0000000018996800 JavaThread "JDWP Command Reader" daemon [_thread_in_native, id=23416, stack(0x0000000019b00000,0x0000000019c00000)]
  0x000000001898f800 JavaThread "JDWP Event Helper Thread" daemon [_thread_blocked, id=13488, stack(0x0000000019970000,0x0000000019a70000)]
=>0x0000000018982800 JavaThread "JDWP Transport Listener: dt_socket" daemon [_thread_in_vm, id=13480, stack(0x0000000019740000,0x0000000019840000)]
  0x0000000018968800 JavaThread "Attach Listener" daemon [_thread_blocked, id=13460, stack(0x0000000018fc0000,0x00000000190c0000)]
  0x0000000017761800 JavaThread "Signal Dispatcher" daemon [_thread_blocked, id=13472, stack(0x0000000018df0000,0x0000000018ef0000)]
  0x000000001774a800 JavaThread "Finalizer" daemon [_thread_blocked, id=13484, stack(0x0000000018550000,0x0000000018650000)]
  0x0000000017703000 JavaThread "Reference Handler" daemon [_thread_blocked, id=13456, stack(0x0000000018860000,0x0000000018960000)]
  0x0000000002418800 JavaThread "main" [_thread_blocked, id=17804, stack(0x0000000002710000,0x0000000002810000)]

Other Threads:
  0x00000000176fb800 VMThread [stack: 0x0000000018730000,0x0000000018830000] [id=13464]
  0x00000000189c4000 WatcherThread [stack: 0x000000001a120000,0x000000001a220000] [id=19024]

VM state:not at safepoint (normal execution)

VM Mutex/Monitor currently owned by a thread: None

Heap:
 PSYoungGen      total 433152K, used 355402K [0x00000000d5a00000, 0x00000000f8300000, 0x0000000100000000)
  eden space 428032K, 81% used [0x00000000d5a00000,0x00000000eb0902a0,0x00000000efc00000)
  from space 5120K, 90% used [0x00000000f3780000,0x00000000f3c02850,0x00000000f3c80000)
  to   space 39424K, 0% used [0x00000000f5c80000,0x00000000f5c80000,0x00000000f8300000)
 ParOldGen       total 153600K, used 44133K [0x0000000080e00000, 0x000000008a400000, 0x00000000d5a00000)
  object space 153600K, 28% used [0x0000000080e00000,0x00000000839194a0,0x000000008a400000)
 Metaspace       used 45372K, capacity 46170K, committed 46384K, reserved 1089536K
  class space    used 5162K, capacity 5411K, committed 5424K, reserved 1048576K

Card table byte_map: [0x0000000011bd0000,0x0000000011fd0000] byte_map_base: 0x00000000117c9000

Marking Bits: (ParMarkBitMap*) 0x0000000052020600
 Begin Bits: [0x00000000129e0000, 0x00000000149a8000)
 End Bits:   [0x00000000149a8000, 0x0000000016970000)

Polling page: 0x0000000000220000

CodeCache: size=245760Kb used=23001Kb max_used=23019Kb free=222758Kb
 bounds [0x0000000002810000, 0x0000000003ef0000, 0x0000000011810000]
 total_blobs=6562 nmethods=6109 adapters=373
 compilation: enabled

Compilation events (10 events):
Event: 1131.177 Thread 0x00000000189a6000 7658   !   4       java.io.PrintStream::write (69 bytes)
Event: 1131.177 Thread 0x00000000189a9000 7659       2       sun.nio.cs.StreamEncoder::writeBytes (132 bytes)
Event: 1131.178 Thread 0x00000000189a9000 nmethod 7659 0x0000000003ac3a50 code [0x0000000003ac3c40, 0x0000000003ac4118]
Event: 1131.226 Thread 0x00000000189a6000 nmethod 7658 0x0000000003e67550 code [0x0000000003e677c0, 0x0000000003e69f90]
Event: 1134.182 Thread 0x00000000189a4000 7660   !   4       java.io.PrintStream::write (83 bytes)
Event: 1134.186 Thread 0x00000000189a6000 7661   !   4       java.io.PrintStream::newLine (73 bytes)
Event: 1134.196 Thread 0x00000000189a4000 nmethod 7660 0x0000000002c39a90 code [0x0000000002c39c80, 0x0000000002c3b010]
Event: 1134.206 Thread 0x00000000189a6000 nmethod 7661 0x00000000034db150 code [0x00000000034db3a0, 0x00000000034dd0e0]
Event: 1288.086 Thread 0x00000000189a9000 7662       1       org.apache.catalina.valves.AccessLogValve::getEnabled (5 bytes)
Event: 1288.087 Thread 0x00000000189a9000 nmethod 7662 0x0000000002c397d0 code [0x0000000002c39920, 0x0000000002c39a30]

GC Heap History (10 events):
Event: 258.104 GC heap before
{Heap before GC invocations=14 (full 3):
 PSYoungGen      total 424448K, used 411672K [0x00000000d5a00000, 0x00000000f3a00000, 0x0000000100000000)
  eden space 403456K, 100% used [0x00000000d5a00000,0x00000000ee400000,0x00000000ee400000)
  from space 20992K, 39% used [0x00000000f2580000,0x00000000f2d861a8,0x00000000f3a00000)
  to   space 44032K, 0% used [0x00000000ee400000,0x00000000ee400000,0x00000000f0f00000)
 ParOldGen       total 153600K, used 44093K [0x0000000080e00000, 0x000000008a400000, 0x00000000d5a00000)
  object space 153600K, 28% used [0x0000000080e00000,0x000000008390f4a0,0x000000008a400000)
 Metaspace       used 45254K, capacity 46058K, committed 46128K, reserved 1089536K
  class space    used 5152K, capacity 5403K, committed 5424K, reserved 1048576K
Event: 258.146 GC heap after
Heap after GC invocations=14 (full 3):
 PSYoungGen      total 447488K, used 4298K [0x00000000d5a00000, 0x00000000f8400000, 0x0000000100000000)
  eden space 403456K, 0% used [0x00000000d5a00000,0x00000000d5a00000,0x00000000ee400000)
  from space 44032K, 9% used [0x00000000ee400000,0x00000000ee832840,0x00000000f0f00000)
  to   space 43520K, 0% used [0x00000000f5980000,0x00000000f5980000,0x00000000f8400000)
 ParOldGen       total 153600K, used 44101K [0x0000000080e00000, 0x000000008a400000, 0x00000000d5a00000)
  object space 153600K, 28% used [0x0000000080e00000,0x00000000839114a0,0x000000008a400000)
 Metaspace       used 45254K, capacity 46058K, committed 46128K, reserved 1089536K
  class space    used 5152K, capacity 5403K, committed 5424K, reserved 1048576K
}
Event: 420.273 GC heap before
{Heap before GC invocations=15 (full 3):
 PSYoungGen      total 447488K, used 407754K [0x00000000d5a00000, 0x00000000f8400000, 0x0000000100000000)
  eden space 403456K, 100% used [0x00000000d5a00000,0x00000000ee400000,0x00000000ee400000)
  from space 44032K, 9% used [0x00000000ee400000,0x00000000ee832840,0x00000000f0f00000)
  to   space 43520K, 0% used [0x00000000f5980000,0x00000000f5980000,0x00000000f8400000)
 ParOldGen       total 153600K, used 44101K [0x0000000080e00000, 0x000000008a400000, 0x00000000d5a00000)
  object space 153600K, 28% used [0x0000000080e00000,0x00000000839114a0,0x000000008a400000)
 Metaspace       used 45278K, capacity 46094K, committed 46128K, reserved 1089536K
  class space    used 5156K, capacity 5409K, committed 5424K, reserved 1048576K
Event: 420.278 GC heap after
Heap after GC invocations=15 (full 3):
 PSYoungGen      total 494080K, used 4387K [0x00000000d5a00000, 0x00000000f7500000, 0x0000000100000000)
  eden space 465920K, 0% used [0x00000000d5a00000,0x00000000d5a00000,0x00000000f2100000)
  from space 28160K, 15% used [0x00000000f5980000,0x00000000f5dc8f88,0x00000000f7500000)
  to   space 43008K, 0% used [0x00000000f2100000,0x00000000f2100000,0x00000000f4b00000)
 ParOldGen       total 153600K, used 44109K [0x0000000080e00000, 0x000000008a400000, 0x00000000d5a00000)
  object space 153600K, 28% used [0x0000000080e00000,0x00000000839134a0,0x000000008a400000)
 Metaspace       used 45278K, capacity 46094K, committed 46128K, reserved 1089536K
  class space    used 5156K, capacity 5409K, committed 5424K, reserved 1048576K
}
Event: 606.250 GC heap before
{Heap before GC invocations=16 (full 3):
 PSYoungGen      total 494080K, used 470307K [0x00000000d5a00000, 0x00000000f7500000, 0x0000000100000000)
  eden space 465920K, 100% used [0x00000000d5a00000,0x00000000f2100000,0x00000000f2100000)
  from space 28160K, 15% used [0x00000000f5980000,0x00000000f5dc8f88,0x00000000f7500000)
  to   space 43008K, 0% used [0x00000000f2100000,0x00000000f2100000,0x00000000f4b00000)
 ParOldGen       total 153600K, used 44109K [0x0000000080e00000, 0x000000008a400000, 0x00000000d5a00000)
  object space 153600K, 28% used [0x0000000080e00000,0x00000000839134a0,0x000000008a400000)
 Metaspace       used 45291K, capacity 46094K, committed 46128K, reserved 1089536K
  class space    used 5156K, capacity 5409K, committed 5424K, reserved 1048576K
Event: 606.257 GC heap after
Heap after GC invocations=16 (full 3):
 PSYoungGen      total 508928K, used 4675K [0x00000000d5a00000, 0x00000000fab80000, 0x0000000100000000)
  eden space 465920K, 0% used [0x00000000d5a00000,0x00000000d5a00000,0x00000000f2100000)
  from space 43008K, 10% used [0x00000000f2100000,0x00000000f2590fa8,0x00000000f4b00000)
  to   space 41984K, 0% used [0x00000000f8280000,0x00000000f8280000,0x00000000fab80000)
 ParOldGen       total 153600K, used 44117K [0x0000000080e00000, 0x000000008a400000, 0x00000000d5a00000)
  object space 153600K, 28% used [0x0000000080e00000,0x00000000839154a0,0x000000008a400000)
 Metaspace       used 45291K, capacity 46094K, committed 46128K, reserved 1089536K
  class space    used 5156K, capacity 5409K, committed 5424K, reserved 1048576K
}
Event: 800.284 GC heap before
{Heap before GC invocations=17 (full 3):
 PSYoungGen      total 508928K, used 470595K [0x00000000d5a00000, 0x00000000fab80000, 0x0000000100000000)
  eden space 465920K, 100% used [0x00000000d5a00000,0x00000000f2100000,0x00000000f2100000)
  from space 43008K, 10% used [0x00000000f2100000,0x00000000f2590fa8,0x00000000f4b00000)
  to   space 41984K, 0% used [0x00000000f8280000,0x00000000f8280000,0x00000000fab80000)
 ParOldGen       total 153600K, used 44117K [0x0000000080e00000, 0x000000008a400000, 0x00000000d5a00000)
  object space 153600K, 28% used [0x0000000080e00000,0x00000000839154a0,0x000000008a400000)
 Metaspace       used 45321K, capacity 46106K, committed 46128K, reserved 1089536K
  class space    used 5158K, capacity 5411K, committed 5424K, reserved 1048576K
Event: 800.294 GC heap after
Heap after GC invocations=17 (full 3):
 PSYoungGen      total 451584K, used 4835K [0x00000000d5a00000, 0x00000000f8780000, 0x0000000100000000)
  eden space 446464K, 0% used [0x00000000d5a00000,0x00000000d5a00000,0x00000000f0e00000)
  from space 5120K, 94% used [0x00000000f8280000,0x00000000f8738fe8,0x00000000f8780000)
  to   space 40960K, 0% used [0x00000000f3780000,0x00000000f3780000,0x00000000f5f80000)
 ParOldGen       total 153600K, used 44125K [0x0000000080e00000, 0x000000008a400000, 0x00000000d5a00000)
  object space 153600K, 28% used [0x0000000080e00000,0x00000000839174a0,0x000000008a400000)
 Metaspace       used 45321K, capacity 46106K, committed 46128K, reserved 1089536K
  class space    used 5158K, capacity 5411K, committed 5424K, reserved 1048576K
}
Event: 981.491 GC heap before
{Heap before GC invocations=18 (full 3):
 PSYoungGen      total 451584K, used 451299K [0x00000000d5a00000, 0x00000000f8780000, 0x0000000100000000)
  eden space 446464K, 100% used [0x00000000d5a00000,0x00000000f0e00000,0x00000000f0e00000)
  from space 5120K, 94% used [0x00000000f8280000,0x00000000f8738fe8,0x00000000f8780000)
  to   space 40960K, 0% used [0x00000000f3780000,0x00000000f3780000,0x00000000f5f80000)
 ParOldGen       total 153600K, used 44125K [0x0000000080e00000, 0x000000008a400000, 0x00000000d5a00000)
  object space 153600K, 28% used [0x0000000080e00000,0x00000000839174a0,0x000000008a400000)
 Metaspace       used 45330K, capacity 46106K, committed 46128K, reserved 1089536K
  class space    used 5158K, capacity 5411K, committed 5424K, reserved 1048576K
Event: 981.504 GC heap after
Heap after GC invocations=18 (full 3):
 PSYoungGen      total 433152K, used 4618K [0x00000000d5a00000, 0x00000000f8300000, 0x0000000100000000)
  eden space 428032K, 0% used [0x00000000d5a00000,0x00000000d5a00000,0x00000000efc00000)
  from space 5120K, 90% used [0x00000000f3780000,0x00000000f3c02850,0x00000000f3c80000)
  to   space 39424K, 0% used [0x00000000f5c80000,0x00000000f5c80000,0x00000000f8300000)
 ParOldGen       total 153600K, used 44133K [0x0000000080e00000, 0x000000008a400000, 0x00000000d5a00000)
  object space 153600K, 28% used [0x0000000080e00000,0x00000000839194a0,0x000000008a400000)
 Metaspace       used 45330K, capacity 46106K, committed 46128K, reserved 1089536K
  class space    used 5158K, capacity 5411K, committed 5424K, reserved 1048576K
}

Deoptimization events (10 events):
Event: 1124.640 Thread 0x000000001cab3800 Uncommon trap: reason=unhandled action=none pc=0x0000000003a002c4 method=java.lang.Long.parseLong(Ljava/lang/String;I)J @ 13
Event: 1124.797 Thread 0x000000001cab3800 Uncommon trap: reason=unhandled action=none pc=0x0000000003a002c4 method=java.lang.Long.parseLong(Ljava/lang/String;I)J @ 13
Event: 1125.386 Thread 0x000000001cab3800 Uncommon trap: reason=unhandled action=none pc=0x0000000003a002c4 method=java.lang.Long.parseLong(Ljava/lang/String;I)J @ 13
Event: 1125.997 Thread 0x000000001cab3800 Uncommon trap: reason=unhandled action=none pc=0x0000000003a002c4 method=java.lang.Long.parseLong(Ljava/lang/String;I)J @ 13
Event: 1126.847 Thread 0x000000001cab3800 Uncommon trap: reason=unhandled action=none pc=0x0000000003a002c4 method=java.lang.Long.parseLong(Ljava/lang/String;I)J @ 13
Event: 1127.421 Thread 0x000000001cab3800 Uncommon trap: reason=unhandled action=none pc=0x0000000003a002c4 method=java.lang.Long.parseLong(Ljava/lang/String;I)J @ 13
Event: 1128.054 Thread 0x000000001cab3800 Uncommon trap: reason=unhandled action=none pc=0x0000000003a002c4 method=java.lang.Long.parseLong(Ljava/lang/String;I)J @ 13
Event: 1131.174 Thread 0x000000001cab3800 Uncommon trap: reason=class_check action=maybe_recompile pc=0x0000000003a01338 method=sun.net.www.protocol.http.HttpURLConnection.getInputStream0()Ljava/io/InputStream; @ 52
Event: 1131.174 Thread 0x000000001cab3800 Uncommon trap: reason=unstable_if action=reinterpret pc=0x0000000003c515f4 method=sun.net.www.protocol.http.HttpURLConnection.filterHeaderField(Ljava/lang/String;Ljava/lang/String;)Ljava/lang/String; @ 1
Event: 1134.325 Thread 0x000000001cab3800 Uncommon trap: reason=unhandled action=none pc=0x0000000003a002c4 method=java.lang.Long.parseLong(Ljava/lang/String;I)J @ 13

Internal exceptions (10 events):
Event: 14.200 Thread 0x000000001cab3800 Exception <a 'java/lang/ClassNotFoundException': com/github/abel533/entity/Example$CriteriaCustomizer> (0x00000000d98bc130) thrown at [D:\re\workspace\8-2-build-windows-amd64-cygwin\jdk8u77\6540\hotspot\src\share\vm\classfile\systemDictionary.cpp, line 210"'x.%h,@
Event: 14.203 Thread 0x000000001cab3800 Exception <a 'java/lang/ClassNotFoundException': com/github/abel533/entity/Example$CriterionBeanInfo> (0x00000000d991b6d0) thrown at [D:\re\workspace\8-2-build-windows-amd64-cygwin\jdk8u77\6540\hotspot\src\share\vm\classfile\systemDictionary.cpp, line 210]
Event: 14.205 Thread 0x000000001cab3800 Exception <a 'java/lang/ClassNotFoundException': com/github/abel533/entity/Example$CriterionCustomizer> (0x00000000d9944310) thrown at [D:\re\workspace\8-2-build-windows-amd64-cygwin\jdk8u77\6540\hotspot\src\share\vm\classfile\systemDictionary.cpp, line 21p^{îaÀ,@
Event: 14.376 Thread 0x000000001b6c6800 Implicit null exception at 0x0000000003371420 to 0x0000000003371861
Event: 20.727 Thread 0x000000001cab3800 Exception <a 'java/lang/ClassNotFoundException': org/springframework/jdbc/support/SQLErrorCodesBeanInfo> (0x00000000dc524398) thrown at [D:\re\workspace\8-2-build-windows-amd64-cygwin\jdk8u77\6540\hotspot\src\share\vm\classfile\systemDictionary.cpp, line 2Í|]·‰º4@
Event: 20.729 Thread 0x000000001cab3800 Exception <a 'java/lang/ClassNotFoundException': org/springframework/jdbc/support/SQLErrorCodesCustomizer> (0x00000000dc54a760) thrown at [D:\re\workspace\8-2-build-windows-amd64-cygwin\jdk8u77\6540\hotspot\src\share\vm\classfile\systemDictionary.cpp, line»vý—º4@
Event: 20.729 Thread 0x000000001cab3800 Exception <a 'java/lang/ArrayIndexOutOfBoundsException': 80> (0x00000000dc550bc0) thrown at [D:\re\workspace\8-2-build-windows-amd64-cygwin\jdk8u77\6540\hotspot\src\share\vm\interpreter\interpreterRuntime.cpp, line 366]
Event: 97.102 Thread 0x000000001cab3800 Implicit null exception at 0x0000000003cdeed0 to 0x0000000003ce2879
Event: 1131.173 Thread 0x000000001cab3800 Exception <a 'java/net/SocketTimeoutException': Read timed out> (0x00000000ea37f950) thrown at [D:\re\workspace\8-2-build-windows-amd64-cygwin\jdk8u77\6540\hotspot\src\share\vm\prims\jni.cpp, line 735]
Event: 1134.181 Thread 0x000000001cab3800 Exception <a 'java/net/SocketTimeoutException': connect timed out> (0x00000000ea3cc110) thrown at [D:\re\workspace\8-2-build-windows-amd64-cygwin\jdk8u77\6540\hotspot\src\share\vm\prims\jni.cpp, line 735]

Events (10 events):
Event: 1401.991 Executing VM operation: EnterInterpOnlyMode
Event: 1401.991 Executing nested VM operation: Deoptimize
Event: 1401.991 Executing nested VM operation: Deoptimize done
Event: 1401.991 Executing VM operation: EnterInterpOnlyMode done
Event: 1401.991 Executing VM operation: GetCurrentLocation
Event: 1401.991 Executing VM operation: GetCurrentLocation done
Event: 1401.991 Executing VM operation: ChangeSingleStep
Event: 1401.991 Executing VM operation: ChangeSingleStep done
Event: 1401.992 Executing VM operation: ChangeSingleStep
Event: 1401.992 Executing VM operation: ChangeSingleStep done


Dynamic libraries:
0x000000013f4e0000 - 0x000000013f517000 	D:\Users\wnc\Programs\Java\jdk1.8.0_77\bin\javaw.exe
0x0000000077160000 - 0x000000007730a000 	C:\Windows\SYSTEM32\ntdll.dll
0x0000000076e00000 - 0x0000000076f1f000 	C:\Windows\system32\kernel32.dll
0x000007fefd030000 - 0x000007fefd09a000 	C:\Windows\system32\KERNELBASE.dll
0x000007fefe990000 - 0x000007fefea6b000 	C:\Windows\system32\ADVAPI32.dll
0x000007fefd680000 - 0x000007fefd71f000 	C:\Windows\system32\msvcrt.dll
0x000007fefd2e0000 - 0x000007fefd2ff000 	C:\Windows\SYSTEM32\sechost.dll
0x000007fefd540000 - 0x000007fefd66d000 	C:\Windows\system32\RPCRT4.dll
0x0000000076f20000 - 0x000000007701a000 	C:\Windows\system32\USER32.dll
0x000007feff400000 - 0x000007feff467000 	C:\Windows\system32\GDI32.dll
0x000007fefeca0000 - 0x000007fefecae000 	C:\Windows\system32\LPK.dll
0x000007fefd110000 - 0x000007fefd1da000 	C:\Windows\system32\USP10.dll
0x000007fefb630000 - 0x000007fefb824000 	C:\Windows\WinSxS\amd64_microsoft.windows.common-controls_6595b64144ccf1df_6.0.7601.18837_none_fa3b1e3d17594757\COMCTL32.dll
0x000007fefec20000 - 0x000007fefec91000 	C:\Windows\system32\SHLWAPI.dll
0x000007fefd510000 - 0x000007fefd53e000 	C:\Windows\system32\IMM32.DLL
0x000007fefea70000 - 0x000007fefeb79000 	C:\Windows\system32\MSCTF.dll
0x00000000612a0000 - 0x0000000061372000 	D:\Users\wnc\Programs\Java\jdk1.8.0_77\jre\bin\msvcr100.dll
0x0000000051810000 - 0x00000000520a0000 	D:\Users\wnc\Programs\Java\jdk1.8.0_77\jre\bin\server\jvm.dll
0x000007fefb290000 - 0x000007fefb299000 	C:\Windows\system32\WSOCK32.dll
0x000007fefd0c0000 - 0x000007fefd10d000 	C:\Windows\system32\WS2_32.dll
0x000007fefd670000 - 0x000007fefd678000 	C:\Windows\system32\NSI.dll
0x000007fefcff0000 - 0x000007fefd02b000 	C:\Windows\system32\WINMM.dll
0x000007fefbcf0000 - 0x000007fefbcfc000 	C:\Windows\system32\VERSION.dll
0x0000000077320000 - 0x0000000077327000 	C:\Windows\system32\PSAPI.DLL
0x00000000683e0000 - 0x00000000683ef000 	D:\Users\wnc\Programs\Java\jdk1.8.0_77\jre\bin\verify.dll
0x0000000062480000 - 0x00000000624a9000 	D:\Users\wnc\Programs\Java\jdk1.8.0_77\jre\bin\java.dll
0x0000000061e80000 - 0x0000000061eb5000 	D:\Users\wnc\Programs\Java\jdk1.8.0_77\jre\bin\jdwp.dll
0x00000000683f0000 - 0x00000000683f8000 	D:\Users\wnc\Programs\Java\jdk1.8.0_77\jre\bin\npt.dll
0x0000000062f20000 - 0x0000000062f36000 	D:\Users\wnc\Programs\Java\jdk1.8.0_77\jre\bin\zip.dll
0x000007fefda00000 - 0x000007fefe789000 	C:\Windows\system32\SHELL32.dll
0x000007fefeec0000 - 0x000007feff0c3000 	C:\Windows\system32\ole32.dll
0x000007fefcc60000 - 0x000007fefcc6f000 	C:\Windows\system32\profapi.dll
0x00000000651c0000 - 0x00000000651c9000 	D:\Users\wnc\Programs\Java\jdk1.8.0_77\jre\bin\dt_socket.dll
0x000007fefa910000 - 0x000007fefa925000 	C:\Windows\system32\NLAapi.dll
0x000007fef71e0000 - 0x000007fef71f5000 	C:\Windows\system32\napinsp.dll
0x000007fef71c0000 - 0x000007fef71d9000 	C:\Windows\system32\pnrpnsp.dll
0x000007fefc3d0000 - 0x000007fefc425000 	C:\Windows\System32\mswsock.dll
0x000007fefc250000 - 0x000007fefc2ab000 	C:\Windows\system32\DNSAPI.dll
0x000007fef71b0000 - 0x000007fef71bb000 	C:\Windows\System32\winrnr.dll
0x000007fef9810000 - 0x000007fef9837000 	C:\Windows\system32\IPHLPAPI.DLL
0x000007fef9800000 - 0x000007fef980b000 	C:\Windows\system32\WINNSI.DLL
0x000007fef9490000 - 0x000007fef94e3000 	C:\Windows\System32\fwpuclnt.dll
0x000007fef8630000 - 0x000007fef8638000 	C:\Windows\system32\rasadhlp.dll
0x000007fefbdc0000 - 0x000007fefbdc7000 	C:\Windows\System32\wshtcpip.dll
0x0000000062f80000 - 0x0000000062f9a000 	D:\Users\wnc\Programs\Java\jdk1.8.0_77\jre\bin\net.dll
0x000007fefc3c0000 - 0x000007fefc3c7000 	C:\Windows\System32\wship6.dll
0x0000000062ec0000 - 0x0000000062ed1000 	D:\Users\wnc\Programs\Java\jdk1.8.0_77\jre\bin\nio.dll
0x000007fefc430000 - 0x000007fefc447000 	C:\Windows\system32\CRYPTSP.dll
0x000007fefc130000 - 0x000007fefc177000 	C:\Windows\system32\rsaenh.dll
0x000007fefcd50000 - 0x000007fefcd6e000 	C:\Windows\system32\USERENV.dll
0x000007fefcb00000 - 0x000007fefcb0f000 	C:\Windows\system32\CRYPTBASE.dll
0x000007fef9410000 - 0x000007fef9421000 	C:\Windows\system32\dhcpcsvc6.DLL
0x000007fef93f0000 - 0x000007fef9408000 	C:\Windows\system32\dhcpcsvc.DLL
0x00000000683d0000 - 0x00000000683dd000 	D:\Users\wnc\Programs\Java\jdk1.8.0_77\jre\bin\management.dll
0x0000000069340000 - 0x00000000693c5000 	C:\Users\cpr216\AppData\Local\Temp\sqlite-3.7.2-sqlitejdbc.dll
0x000007fef5280000 - 0x000007fef53a5000 	C:\Windows\system32\dbghelp.dll

VM Arguments:
jvm_args: -agentlib:jdwp=transport=dt_socket,suspend=y,address=localhost:14008 -Dmaven.home=D:\Users\wnc\Programs\apache-maven-3.2.3 -Dclassworlds.conf=C:\Users\cpr216\Documents\workspace-sts-3.7.3.RELEASE\.metadata\.plugins\org.eclipse.m2e.launching\launches\m2conf5012161201588037132.tmp -Dfile.encoding=UTF-8 
java_command: org.codehaus.plexus.classworlds.launcher.Launcher -B -s D:\Users\wnc\Programs\apache-maven-3.2.3\conf\settings.xml tomcat7:run
java_class_path (initial): D:\Users\wnc\Programs\apache-maven-3.2.3\boot\plexus-classworlds-2.5.1.jar
Launcher Type: SUN_STANDARD

Environment Variables:
JAVA_HOME=D:\Users\wnc\Programs\Java\jdk1.8.0_77
PATH=D:\Users\wnc\Programs\Java\jdk1.8.0_77\jre\bin;D:/Users/wnc/Programs/Java/bin/server;D:/Users/wnc/Programs/Java/bin;D:/Users/wnc/Programs/Java/lib/amd64;"C:\Program Files (x86)\Microsoft DirectX SDK (August 2006)\Utilities\Bin\x86";D:\Users\wnc\Programs\ImageMagick-6.8.9-Q16;C:\ProgramData\Oracle\Java\javapath;C:\Program Files (x86)\NVIDIA Corporation\PhysX\Common;C:\Program Files (x86)\Intel\iCLS Client\;C:\Program Files\Intel\iCLS Client\;C:\Windows\system32;C:\Windows;C:\Windows\System32\Wbem;C:\Windows\System32\WindowsPowerShell\v1.0\;C:\Program Files\Intel\Intel(R) Management Engine Components\DAL;C:\Program Files\Intel\Intel(R) Management Engine Components\IPT;C:\Program Files (x86)\Intel\Intel(R) Management Engine Components\DAL;C:\Program Files (x86)\Intel\Intel(R) Management Engine Components\IPT;C:\Program Files\TortoiseSVN\bin;D:\Users\wnc\Programs\Java\jdk1.8.0_77\bin;D:\Users\wnc\Python\Python27;D:\Users\wnc\Python\Python27\Scripts;D:\Users\wnc\Programs\apache-maven-3.2.3\bin;D:\Users\wnc\Programs\redis-window-64bit;D:\Users\wnc\Programs\adt-bundle-windows-x86-20130219\sdk\platform-tools;C:\Program Files (x86)\Microsoft SQL Server\100\Tools\Binn\;C:\Program Files\Microsoft SQL Server\100\Tools\Binn\;C:\Program Files\Microsoft SQL Server\100\DTS\Binn\;D:\Users\wnc\Programs\mysql-5.7.11-winx64\bin;D:\Users\wnc\Programs\Git\cmd;D:\Users\wnc\developer\scala\bin;D:\Users\wnc\±Ø±¸Èí¼þ\ffmpeg-20160731-04da20e-win64-static\bin;C:\Users\cpr216\AppData\Local\Programs\Python\Python35-32\Scripts\;C:\Users\cpr216\AppData\Local\Programs\Python\Python35-32\;D:\Users\wnc\Programs\sts-bundle\sts-3.7.3.RELEASE;
USERNAME=cpr216
OS=Windows_NT
PROCESSOR_IDENTIFIER=Intel64 Family 6 Model 60 Stepping 3, GenuineIntel



---------------  S Y S T E M  ---------------

OS: Windows 7 , 64 bit Build 7601 (6.1.7601.23569)

CPU:total 4 (4 cores per cpu, 1 threads per core) family 6 model 60 stepping 3, cmov, cx8, fxsr, mmx, sse, sse2, sse3, ssse3, sse4.1, sse4.2, popcnt, avx, avx2, aes, clmul, erms, lzcnt, tsc, tscinvbit, bmi1, bmi2

Memory: 4k page, physical 8326188k(2478840k free), swap 18564328k(9309748k free)

vm_info: Java HotSpot(TM) 64-Bit Server VM (25.77-b03) for windows-amd64 JRE (1.8.0_77-b03), built on Mar 20 2016 22:01:33 by "java_re" with MS VC++ 10.0 (VS2010)

time: Tue Jan 17 11:10:19 2017
elapsed time: 1402 seconds (0d 0h 23m 22s)

